2026.02.10 18:47:09 INFO  Started: Metals version 1.6.5 in folders 'C:\Users\juanx\Desktop\Map\UrbanMap' for client Visual Studio Code 1.109.0.
2026.02.10 18:47:09 INFO  Memory monitor started
2026.02.10 18:47:09 WARN  Using H2 2.4.240 which is newer than the version Flyway has been verified with. The latest verified version of H2 is 2.3.232.
2026.02.10 18:50:04 INFO  no build target found for C:\Users\juanx\Desktop\Map\UrbanMap\src\main\java\org\example\urbanmap\modelo\Propiedad.java. Using fallback presentation compiler.
2026.02.10 18:50:05 INFO  no build target found for C:\Users\juanx\Desktop\Map\UrbanMap\src\main\java\org\example\urbanmap\modelo\Casa.java. Using fallback presentation compiler.
2026.02.10 18:50:05 INFO  no build target found for C:\Users\juanx\Desktop\Map\UrbanMap\src\main\java\org\example\urbanmap\modelo\Vivienda.java. Using fallback presentation compiler.
2026.02.10 18:50:05 INFO  no build target found for C:\Users\juanx\Desktop\Map\UrbanMap\src\main\java\org\example\urbanmap\modelo\Piso.java. Using fallback presentation compiler.
2026.02.10 18:50:05 INFO  no build target found for C:\Users\juanx\Desktop\Map\UrbanMap\src\main\java\org\example\urbanmap\modelo\Local.java. Using fallback presentation compiler.
2026.02.10 18:50:05 INFO  no build target found for C:\Users\juanx\Desktop\Map\UrbanMap\src\main\java\org\example\urbanmap\modelo\ImagenPropiedad.java. Using fallback presentation compiler.
2026.02.10 18:50:05 INFO  no build target found for C:\Users\juanx\Desktop\Map\UrbanMap\src\main\java\org\example\urbanmap\modelo\Usuario.java. Using fallback presentation compiler.
2026.02.10 18:50:05 INFO  no build target found for C:\Users\juanx\Desktop\Map\UrbanMap\src\main\java\org\example\urbanmap\modelo\Compra.java. Using fallback presentation compiler.
2026.02.10 18:50:15 INFO  no build target found for C:\Users\juanx\Desktop\Map\UrbanMap\src\main\java\org\example\urbanmap\HelloApplication.java. Using fallback presentation compiler.
2026.02.10 18:50:15 INFO  no build target found for C:\Users\juanx\Desktop\Map\UrbanMap\src\main\java\org\example\urbanmap\controlador\PropiedadController.java. Using fallback presentation compiler.
2026.02.10 18:50:15 INFO  no build target found for C:\Users\juanx\Desktop\Map\UrbanMap\src\main\java\org\example\urbanmap\controlador\ImagenPropiedadController.java. Using fallback presentation compiler.
2026.02.10 18:50:15 INFO  no build target found for C:\Users\juanx\Desktop\Map\UrbanMap\src\main\java\org\example\urbanmap\controlador\CompraController.java. Using fallback presentation compiler.
2026.02.10 18:50:15 INFO  no build target found for C:\Users\juanx\Desktop\Map\UrbanMap\src\main\java\org\example\urbanmap\controlador\UsuarioController.java. Using fallback presentation compiler.
2026.02.10 18:50:15 INFO  no build target found for C:\Users\juanx\Desktop\Map\UrbanMap\src\main\java\module-info.java. Using fallback presentation compiler.
2026.02.10 18:50:15 INFO  no build target found for C:\Users\juanx\Desktop\Map\UrbanMap\src\main\java\org\example\urbanmap\ConexionBD.java. Using fallback presentation compiler.
2026.02.10 18:51:01 INFO  no build target found for C:\Users\juanx\Desktop\Map\UrbanMap\src\main\java\org\example\urbanmap\controlador\PropiedadDetalleController.java. Using fallback presentation compiler.
2026.02.10 18:51:01 WARN  no build target for: C:\Users\juanx\Desktop\Map\UrbanMap\src\main\java\org\example\urbanmap\controlador\PropiedadDetalleController.java
2026.02.10 18:51:08 WARN  Running javac-semanticdb failed for file:///C:/Users/juanx/Desktop/Map/UrbanMap/src/main/java/module-info.java. Output:

2026.02.10 18:51:08 INFO  no build target found for C:\Users\juanx\Desktop\Map\UrbanMap\src\main\java\module-info.java. Using fallback presentation compiler.
2026.02.10 18:51:08 INFO  Created report: Optional[file:///C:/Users/juanx/Desktop/Map/UrbanMap/src/main/java/module-info.java]
2026.02.10 18:51:08 INFO  empty definition using pc, found symbol in pc:  (full report at: "C:\Users\juanx\Desktop\Map\UrbanMap\.metals\.reports\metals-full\2026-02-10\r_empty-definition_18-51-09-309.md")
2026.02.10 18:51:08 INFO  no build target found for C:\Users\juanx\Desktop\Map\UrbanMap\src\main\java\module-info.java. Using fallback presentation compiler.
2026.02.10 18:51:38 WARN  Running javac-semanticdb failed for file:///C:/Users/juanx/Desktop/Map/UrbanMap/src/main/java/module-info.java. Output:

2026.02.10 18:51:38 INFO  no build target found for C:\Users\juanx\Desktop\Map\UrbanMap\src\main\java\module-info.java. Using fallback presentation compiler.
2026.02.10 18:51:38 INFO  empty definition using pc, found symbol in pc:  (full report at: "C:\Users\juanx\Desktop\Map\UrbanMap\.metals\.reports\metals-full\2026-02-10\r_empty-definition_18-51-09-309.md")
2026.02.10 18:51:38 INFO  no build target found for C:\Users\juanx\Desktop\Map\UrbanMap\src\main\java\module-info.java. Using fallback presentation compiler.
2026.02.10 18:52:37 WARN  no build target for: C:\Users\juanx\Desktop\Map\UrbanMap\src\main\java\org\example\urbanmap\controlador\PropiedadDetalleController.java
2026.02.10 18:52:50 INFO  no build target found for C:\Users\juanx\Desktop\Map\UrbanMap\src\main\java\org\example\urbanmap\controlador\MainController.java. Using fallback presentation compiler.
2026.02.10 18:52:50 WARN  no build target for: C:\Users\juanx\Desktop\Map\UrbanMap\src\main\java\org\example\urbanmap\controlador\MainController.java
2026.02.10 18:52:51 WARN  no build target for: C:\Users\juanx\Desktop\Map\UrbanMap\src\main\java\org\example\urbanmap\controlador\MainController.java
2026.02.10 18:52:57 INFO  no build target found for C:\Users\juanx\Desktop\Map\UrbanMap\src\main\java\org\example\urbanmap\HelloApplication.java. Using fallback presentation compiler.
2026.02.10 18:52:57 WARN  no build target for: C:\Users\juanx\Desktop\Map\UrbanMap\src\main\java\org\example\urbanmap\HelloApplication.java
2026.02.10 18:53:07 WARN  no build target for: C:\Users\juanx\Desktop\Map\UrbanMap\src\main\java\org\example\urbanmap\HelloApplication.java
2026.02.10 18:54:45 INFO  no build target found for C:\Users\juanx\Desktop\Map\UrbanMap\src\main\java\org\example\urbanmap\modelo\Propiedad.java. Using fallback presentation compiler.
2026.02.10 18:54:45 INFO  no build target found for C:\Users\juanx\Desktop\Map\UrbanMap\src\main\java\org\example\urbanmap\modelo\Propiedad.java. Using fallback presentation compiler.
2026.02.10 19:02:01 INFO  no build target found for C:\Users\juanx\Desktop\Map\UrbanMap\src\main\java\org\example\urbanmap\controlador\MainController.java. Using fallback presentation compiler.
2026.02.10 19:02:01 WARN  no build target for: C:\Users\juanx\Desktop\Map\UrbanMap\src\main\java\org\example\urbanmap\controlador\MainController.java
2026.02.10 19:02:01 WARN  Running javac-semanticdb failed for file:///C:/Users/juanx/Desktop/Map/UrbanMap/src/main/java/org/example/urbanmap/controlador/MainController.java. Output:

2026.02.10 19:02:15 INFO  no build target found for C:\Users\juanx\Desktop\Map\UrbanMap\src\main\java\org\example\urbanmap\controlador\MainController.java. Using fallback presentation compiler.
2026.02.10 19:02:15 WARN  no build target for: C:\Users\juanx\Desktop\Map\UrbanMap\src\main\java\org\example\urbanmap\controlador\MainController.java
2026.02.10 19:02:45 WARN  no build target for: C:\Users\juanx\Desktop\Map\UrbanMap\src\main\java\org\example\urbanmap\controlador\MainController.java
2026.02.10 19:03:10 INFO  no build target found for C:\Users\juanx\Desktop\Map\UrbanMap\src\main\java\org\example\urbanmap\controlador\MainController.java. Using fallback presentation compiler.
2026.02.10 19:03:11 INFO  no build target found for C:\Users\juanx\Desktop\Map\UrbanMap\src\main\java\org\example\urbanmap\HelloApplication.java. Using fallback presentation compiler.
2026.02.10 19:03:11 WARN  Running javac-semanticdb failed for file:///C:/Users/juanx/Desktop/Map/UrbanMap/src/main/java/module-info.java. Output:

2026.02.10 19:03:11 INFO  no build target found for C:\Users\juanx\Desktop\Map\UrbanMap\src\main\java\module-info.java. Using fallback presentation compiler.
2026.02.10 19:03:11 INFO  empty definition using pc, found symbol in pc:  (full report at: "C:\Users\juanx\Desktop\Map\UrbanMap\.metals\.reports\metals-full\2026-02-10\r_empty-definition_18-51-09-309.md")
2026.02.10 19:03:11 INFO  no build target found for C:\Users\juanx\Desktop\Map\UrbanMap\src\main\java\module-info.java. Using fallback presentation compiler.
2026.02.10 19:04:22 INFO  no build target found for C:\Users\juanx\Desktop\Map\UrbanMap\src\main\java\org\example\urbanmap\HelloApplication.java. Using fallback presentation compiler.
2026.02.10 19:04:22 INFO  Created report: Optional[file:///C:/Users/juanx/Desktop/Map/UrbanMap/src/main/java/org/example/urbanmap/HelloApplication.java]
2026.02.10 19:04:22 INFO  empty definition using pc, found symbol in pc: _empty_/ConexionBD# (full report at: "C:\Users\juanx\Desktop\Map\UrbanMap\.metals\.reports\metals-full\2026-02-10\r_empty-definition_19-04-23-084.md")
2026.02.10 19:04:23 INFO  no build target found for C:\Users\juanx\Desktop\Map\UrbanMap\src\main\java\org\example\urbanmap\ConexionBD.java. Using fallback presentation compiler.
2026.02.10 19:04:23 INFO  no build target found for C:\Users\juanx\Desktop\Map\UrbanMap\src\main\java\org\example\urbanmap\ConexionBD.java. Using fallback presentation compiler.
2026.02.10 19:04:23 INFO  Created report: Optional[file:///C:/Users/juanx/Desktop/Map/UrbanMap/src/main/java/org/example/urbanmap/ConexionBD.java]
2026.02.10 19:04:23 INFO  empty definition using pc, found symbol in pc: java/sql/DriverManager# (full report at: "C:\Users\juanx\Desktop\Map\UrbanMap\.metals\.reports\metals-full\2026-02-10\r_empty-definition_19-04-23-905.md")
2026.02.10 19:04:23 INFO  no build target found for C:\Users\juanx\Desktop\Map\UrbanMap\src\main\java\org\example\urbanmap\ConexionBD.java. Using fallback presentation compiler.
2026.02.10 19:04:27 INFO  no build target found for C:\Users\juanx\Desktop\Map\UrbanMap\src\main\java\org\example\urbanmap\HelloApplication.java. Using fallback presentation compiler.
2026.02.10 19:04:27 INFO  empty definition using pc, found symbol in pc: _empty_/ConexionBD# (full report at: "C:\Users\juanx\Desktop\Map\UrbanMap\.metals\.reports\metals-full\2026-02-10\r_empty-definition_19-04-23-084.md")
2026.02.10 19:04:27 INFO  no build target found for C:\Users\juanx\Desktop\Map\UrbanMap\src\main\java\org\example\urbanmap\ConexionBD.java. Using fallback presentation compiler.
2026.02.10 19:04:27 INFO  no build target found for C:\Users\juanx\Desktop\Map\UrbanMap\src\main\java\org\example\urbanmap\HelloApplication.java. Using fallback presentation compiler.
2026.02.10 19:04:27 INFO  empty definition using pc, found symbol in pc: _empty_/ConexionBD# (full report at: "C:\Users\juanx\Desktop\Map\UrbanMap\.metals\.reports\metals-full\2026-02-10\r_empty-definition_19-04-23-084.md")
2026.02.10 19:04:27 INFO  no build target found for C:\Users\juanx\Desktop\Map\UrbanMap\src\main\java\org\example\urbanmap\HelloApplication.java. Using fallback presentation compiler.
2026.02.10 19:04:27 INFO  no build target found for C:\Users\juanx\Desktop\Map\UrbanMap\src\main\java\org\example\urbanmap\ConexionBD.java. Using fallback presentation compiler.
